<?xml version="1.0" encoding="UTF-8"?>
<!-- Generated by org.testng.reporters.JUnitReportReporter -->
<testsuite hostname="LAPTOP-LA2GNSIL" failures="0" tests="1" name="scripts.MainTest" time="14.545" errors="0" timestamp="2022-11-20T19:16:16 IST" skipped="0">
  <testcase classname="scripts.MainTest" name="submitOrder" time="14.545"/>
  <system-out/>
</testsuite> <!-- scripts.MainTest -->
