<?xml version="1.0" encoding="UTF-8"?>
<!-- Generated by org.testng.reporters.JUnitReportReporter -->
<testsuite hostname="LAPTOP-LA2GNSIL" failures="0" tests="1" name="scripts.TestCase1" time="31.111" errors="0" timestamp="2022-11-25T12:34:16 IST" skipped="0">
  <testcase classname="scripts.TestCase1" name="BuyOneProduct" time="31.111"/>
  <system-out/>
</testsuite> <!-- scripts.TestCase1 -->
