<?xml version="1.0" encoding="UTF-8"?>
<!-- Generated by org.testng.reporters.JUnitReportReporter -->
<testsuite hostname="LAPTOP-LA2GNSIL" failures="0" tests="2" name="scripts.TestCase2" time="23.974" errors="0" timestamp="2022-11-25T12:34:16 IST" skipped="0">
  <testcase classname="scripts.TestCase2" name="BuyMultipleProduct" time="11.464"/>
  <system-out/>
  <testcase classname="scripts.TestCase2" name="BuyMultipleProduct" time="12.510"/>
  <system-out/>
</testsuite> <!-- scripts.TestCase2 -->
